<?xml version="1.0" encoding="UTF-8"?>
<!-- Generated by org.testng.reporters.JUnitReportReporter -->
<testsuite name="TestScriptVTigerPOM.CreateProductTest" tests="3" time="129.828" ignored="0" failures="0" timestamp="03 Jun 2020 09:50:09 GMT" skipped="0" hostname="DODIAQH5UX" errors="0">
  <testcase name="createProductTest" time="41.015" classname="TestScriptVTigerPOM.CreateProductTest"/>
  <testcase name="createProductTest" time="43.974" classname="TestScriptVTigerPOM.CreateProductTest"/>
  <testcase name="createProductTest" time="44.839" classname="TestScriptVTigerPOM.CreateProductTest"/>
</testsuite> <!-- TestScriptVTigerPOM.CreateProductTest -->
